#
# There is insufficient memory for the Java Runtime Environment to continue.
# Native memory allocation (malloc) failed to allocate 1048576 bytes for AllocateHeap
# Possible reasons:
#   The system is out of physical RAM or swap space
#   In 32 bit mode, the process size limit was hit
# Possible solutions:
#   Reduce memory load on the system
#   Increase physical memory or swap space
#   Check if swap backing store is full
#   Use 64 bit Java on a 64 bit OS
#   Decrease Java heap size (-Xmx/-Xms)
#   Decrease number of Java threads
#   Decrease Java thread stack sizes (-Xss)
#   Set larger code cache with -XX:ReservedCodeCacheSize=
# This output file may be truncated or incomplete.
#
#  Out of Memory Error (memory/allocation.inline.hpp:61), pid=9080, tid=0x00000000000018d4
#
# JRE version:  (8.0_121-b13) (build )
# Java VM: Java HotSpot(TM) 64-Bit Server VM (25.121-b13 mixed mode windows-amd64 compressed oops)
# Failed to write core dump. Minidumps are not enabled by default on client versions of Windows
#

---------------  T H R E A D  ---------------

Current thread (0x00000000027a3000):  JavaThread "Unknown thread" [_thread_in_vm, id=6356, stack(0x0000000002620000,0x0000000002720000)]

Stack: [0x0000000002620000,0x0000000002720000]
[error occurred during error reporting (printing stack bounds), id 0xc0000005]

Native frames: (J=compiled Java code, j=interpreted, Vv=VM code, C=native code)


---------------  P R O C E S S  ---------------

Java Threads: ( => current thread )

Other Threads:

=>0x00000000027a3000 (exited) JavaThread "Unknown thread" [_thread_in_vm, id=6356, stack(0x0000000002620000,0x0000000002720000)]

VM state:not at safepoint (normal execution)

VM Mutex/Monitor currently owned by a thread: None

Heap:
 PSYoungGen      total 18944K, used 327K [0x00000000eb300000, 0x00000000ec800000, 0x0000000100000000)
  eden space 16384K, 2% used [0x00000000eb300000,0x00000000eb351ec8,0x00000000ec300000)
  from space 2560K, 0% used [0x00000000ec580000,0x00000000ec580000,0x00000000ec800000)
  to   space 2560K, 0% used [0x00000000ec300000,0x00000000ec300000,0x00000000ec580000)
 ParOldGen       total 44032K, used 0K [0x00000000c1800000, 0x00000000c4300000, 0x00000000eb300000)
  object space 44032K, 0% used [0x00000000c1800000,0x00000000c1800000,0x00000000c4300000)
 Metaspace       used 770K, capacity 4480K, committed 4480K, reserved 1056768K
  class space    used 75K, capacity 384K, committed 384K, reserved 1048576K

Card table byte_map: [0x0000000011c60000,0x0000000011e60000] byte_map_base: 0x0000000011654000

Marking Bits: (ParMarkBitMap*) 0x000000007064b6d0
 Begin Bits: [0x00000000123b0000, 0x0000000013350000)
 End Bits:   [0x0000000013350000, 0x00000000142f0000)

Polling page: 0x0000000000970000

CodeCache: size=245760Kb used=328Kb max_used=328Kb free=245431Kb
 bounds [0x00000000028a0000, 0x0000000002b10000, 0x00000000118a0000]
 total_blobs=58 nmethods=0 adapters=38
 compilation: enabled

Compilation events (0 events):
No events

GC Heap History (0 events):
No events

Deoptimization events (0 events):
No events

Internal exceptions (0 events):
No events

Events (10 events):
Event: 0.040 loading class java/lang/Short
Event: 0.040 loading class java/lang/Short done
Event: 0.040 loading class java/lang/Integer
Event: 0.040 loading class java/lang/Integer done
Event: 0.040 loading class java/lang/Long
Event: 0.040 loading class java/lang/Long done
Event: 0.041 loading class java/lang/NullPointerException
Event: 0.041 loading class java/lang/NullPointerException done
Event: 0.041 loading class java/lang/ArithmeticException
Event: 0.041 loading class java/lang/ArithmeticException done


Dynamic libraries:
0x00007ff67c8c0000 - 0x00007ff67c8f7000 	C:\Program Files\Java\jdk1.8.0_121\bin\java.exe
0x00007ffd9b460000 - 0x00007ffd9b650000 	C:\WINDOWS\SYSTEM32\ntdll.dll
0x00007ffd9a620000 - 0x00007ffd9a6d2000 	C:\WINDOWS\System32\KERNEL32.DLL
0x00007ffd98ba0000 - 0x00007ffd98e45000 	C:\WINDOWS\System32\KERNELBASE.dll
0x00007ffd99710000 - 0x00007ffd997b3000 	C:\WINDOWS\System32\ADVAPI32.dll
0x00007ffd99670000 - 0x00007ffd9970e000 	C:\WINDOWS\System32\msvcrt.dll
0x00007ffd9a890000 - 0x00007ffd9a927000 	C:\WINDOWS\System32\sechost.dll
0x00007ffd9a1c0000 - 0x00007ffd9a2e0000 	C:\WINDOWS\System32\RPCRT4.dll
0x00007ffd9a450000 - 0x00007ffd9a5e5000 	C:\WINDOWS\System32\USER32.dll
0x00007ffd99340000 - 0x00007ffd99361000 	C:\WINDOWS\System32\win32u.dll
0x00007ffd99b00000 - 0x00007ffd99b26000 	C:\WINDOWS\System32\GDI32.dll
0x00007ffd98ed0000 - 0x00007ffd99066000 	C:\WINDOWS\System32\gdi32full.dll
0x00007ffd99370000 - 0x00007ffd9940e000 	C:\WINDOWS\System32\msvcp_win.dll
0x00007ffd99410000 - 0x00007ffd9950a000 	C:\WINDOWS\System32\ucrtbase.dll
0x00007ffd87880000 - 0x00007ffd87b04000 	C:\WINDOWS\WinSxS\amd64_microsoft.windows.common-controls_6595b64144ccf1df_6.0.18362.1082_none_9e8193e1e45b25c1\COMCTL32.dll
0x00007ffd997c0000 - 0x00007ffd99af5000 	C:\WINDOWS\System32\combase.dll
0x00007ffd98e50000 - 0x00007ffd98ed0000 	C:\WINDOWS\System32\bcryptPrimitives.dll
0x00007ffd9a5f0000 - 0x00007ffd9a61e000 	C:\WINDOWS\System32\IMM32.DLL
0x0000000071840000 - 0x0000000071912000 	C:\Program Files\Java\jdk1.8.0_121\jre\bin\msvcr100.dll
0x000000006fe30000 - 0x00000000706cb000 	C:\Program Files\Java\jdk1.8.0_121\jre\bin\server\jvm.dll
0x00007ffd99660000 - 0x00007ffd99668000 	C:\WINDOWS\System32\PSAPI.DLL
0x00007ffd96e00000 - 0x00007ffd96e09000 	C:\WINDOWS\SYSTEM32\WSOCK32.dll
0x00007ffd95850000 - 0x00007ffd95874000 	C:\WINDOWS\SYSTEM32\WINMM.dll
0x00007ffd9b2c0000 - 0x00007ffd9b32f000 	C:\WINDOWS\System32\WS2_32.dll
0x00007ffd888e0000 - 0x00007ffd888ea000 	C:\WINDOWS\SYSTEM32\VERSION.dll
0x00007ffd953c0000 - 0x00007ffd953ed000 	C:\WINDOWS\SYSTEM32\WINMMBASE.dll
0x00007ffd992f0000 - 0x00007ffd9933a000 	C:\WINDOWS\System32\cfgmgr32.dll
0x00000000717f0000 - 0x00000000717ff000 	C:\Program Files\Java\jdk1.8.0_121\jre\bin\verify.dll
0x00000000717c0000 - 0x00000000717e9000 	C:\Program Files\Java\jdk1.8.0_121\jre\bin\java.dll
0x00000000717a0000 - 0x00000000717b6000 	C:\Program Files\Java\jdk1.8.0_121\jre\bin\zip.dll

VM Arguments:
jvm_args: -Dfile.encoding=UTF-8 
java_command: Interface.MainJFrame
java_class_path (initial): C:\Users\sai\Documents\NetBeansProjects\AED\Assignment2\build\classes
Launcher Type: SUN_STANDARD

Environment Variables:
PATH=C:\ProgramData\Oracle\Java\javapath;C:\WINDOWS\system32;C:\WINDOWS;C:\WINDOWS\System32\Wbem;C:\WINDOWS\System32\WindowsPowerShell\v1.0\;C:\Program Files\Microsoft SQL Server\120\DTS\Binn\;C:\Program Files\Microsoft SQL Server\Client SDK\ODBC\110\Tools\Binn\;C:\Program Files (x86)\Microsoft SQL Server\120\Tools\Binn\;C:\Program Files\Microsoft SQL Server\120\Tools\Binn\;C:\Program Files (x86)\Microsoft SQL Server\120\Tools\Binn\ManagementStudio\;C:\Program Files (x86)\Microsoft SQL Server\120\DTS\Binn\;C:\WINDOWS\System32\OpenSSH\;C:\Program Files\Microsoft VS Code\bin;C:\Program Files (x86)\Microsoft SQL Server\150\DTS\Binn\;C:\Program Files\dotnet\;C:\Program Files\Microsoft SQL Server\130\Tools\Binn\;C:\Program Files\Microsoft SQL Server\Client SDK\ODBC\170\Tools\Binn\;C:\Program Files\Git\cmd;C:\Users\sai\Anaconda3;C:\Users\sai\Anaconda3\Library\mingw-w64\bin;C:\Users\sai\Anaconda3\Library\usr\bin;C:\Users\sai\Anaconda3\Library\bin;C:\Users\sai\Anaconda3\Scripts;C:\Users\sai\AppData\Local\Programs\Python\Python36\Scripts\;C:\Users\sai\AppData\Local\Programs\Python\Python36\;%PYTHONPATH%;C:\python27;C:\Users\sai\AppData\Local\Microsoft\WindowsApps;
USERNAME=sai
OS=Windows_NT
PROCESSOR_IDENTIFIER=Intel64 Family 6 Model 61 Stepping 4, GenuineIntel



---------------  S Y S T E M  ---------------

OS: Windows 10.0 , 64 bit Build 18362 (10.0.18362.1082)

CPU:total 4 (2 cores per cpu, 2 threads per core) family 6 model 61 stepping 4, cmov, cx8, fxsr, mmx, sse, sse2, sse3, ssse3, sse4.1, sse4.2, popcnt, avx, avx2, aes, clmul, erms, 3dnowpref, lzcnt, ht, tsc, tscinvbit, bmi1, bmi2, adx

Memory: 4k page, physical 4091612k(924296k free), swap 16674524k(5712k free)

vm_info: Java HotSpot(TM) 64-Bit Server VM (25.121-b13) for windows-amd64 JRE (1.8.0_121-b13), built on Dec 12 2016 18:21:36 by "java_re" with MS VC++ 10.0 (VS2010)

time: Thu Oct 08 15:50:30 2020
elapsed time: 0 seconds (0d 0h 0m 0s)

